

MLMC:
~~~~~~~~~~~~~~~~~~~~~~~~~~~~~~~~~~~~~~~~~~~~~~~~~~~~~~~~~~~~~~~~~~~~~~~~~~~~~~~~~~~~~~~~~~~~~~~~~~~~
Solution: 10.4762        
MLMCCallOptions (Integrand Object)
	option          european
	sigma           0.2000
	k               100
	r               0.0500
	t               1
	b               85
IIDStdGaussian (DiscreteDistribution Object)
	dimension       32
	seed            None
	mimics          StdGaussian
Gaussian (TrueMeasure Object)
	distrib_name    IIDStdGaussian
	mean            0
	covariance      1
MLMC (StoppingCriterion Object)
	rmse_tol        0.0388
	n_init          256
	levels_min      2
	levels_max      10
	theta           0.2500
MLMCData (AccumulateData Object)
	levels          5
	n_level         [ 197126.000  3984.000  1790.000  694.000  240.000  92.000]
	mean_level      [ 10.079  0.184  0.112  0.058  0.031  0.013]
	var_level       [ 196.471  0.161  0.058  0.015  0.005  0.001]
	cost_per_sample [ 1.000  2.000  4.000  8.000  16.000  32.000]
	alpha           0.9569
	beta            1.9462
	gamma           1.0000
	time_integrate  0.0406
Within Tolerence: True


MLQMC:
~~~~~~~~~~~~~~~~~~~~~~~~~~~~~~~~~~~~~~~~~~~~~~~~~~~~~~~~~~~~~~~~~~~~~~~~~~~~~~~~~~~~~~~~~~~~~~~~~~~~
Solution: 10.4111        
MLMCCallOptions (Integrand Object)
	option          european
	sigma           0.2000
	k               100
	r               0.0500
	t               1
	b               85
Lattice (DiscreteDistribution Object)
	dimension       16
	scramble        1
	seed            881195
	backend         gail
	mimics          StdUniform
Gaussian (TrueMeasure Object)
	distrib_name    Lattice
	mean            0
	covariance      1
MLQMC (StoppingCriterion Object)
	rmse_tol        0.0388
	n_init          256
	n_max           10000000000
	replications    16
MLQMCData (AccumulateData Object)
	levels          5
	n_level         [1024  256  256  256  256]
	mean_level      [ 10.045  0.181  0.104  0.054  0.027]
	var_level       [ 0.001  0.000  0.000  0.000  0.000]
	bias_estimate   0.0273
	n_total         32768
	time_integrate  0.1126
Within Tolerence: True


CubLattice_g:
~~~~~~~~~~~~~~~~~~~~~~~~~~~~~~~~~~~~~~~~~~~~~~~~~~~~~~~~~~~~~~~~~~~~~~~~~~~~~~~~~~~~~~~~~~~~~~~~~~~~
Solution: 10.3277        
EuropeanOption (Integrand Object)
	volatility      0.2000
	start_price     100
	strike_price    100
	interest_rate   0.0500
Lattice (DiscreteDistribution Object)
	dimension       16
	scramble        1
	seed            None
	backend         gail
	mimics          StdUniform
BrownianMotion (TrueMeasure Object)
	distrib_name    Lattice
	time_vector     [ 0.062  0.125  0.188 ...  0.875  0.938  1.000]
	mean_shift_is   0
CubLattice_g (StoppingCriterion Object)
	abs_tol         0.1000
	rel_tol         0
	n_init          1024
	n_max           34359738368
CubatureData (AccumulateData Object)
	n_total         2048
	solution        10.3277
	r_lag           4
	time_integrate  0.0073
Within Tolerence: False


CLTRep:
~~~~~~~~~~~~~~~~~~~~~~~~~~~~~~~~~~~~~~~~~~~~~~~~~~~~~~~~~~~~~~~~~~~~~~~~~~~~~~~~~~~~~~~~~~~~~~~~~~~~
Solution: 10.4827        
EuropeanOption (Integrand Object)
	volatility      0.2000
	start_price     100
	strike_price    100
	interest_rate   0.0500
Lattice (DiscreteDistribution Object)
	dimension       16
	scramble        1
	seed            75149
	backend         gail
	mimics          StdUniform
BrownianMotion (TrueMeasure Object)
	distrib_name    Lattice
	time_vector     [ 0.062  0.125  0.188 ...  0.875  0.938  1.000]
	mean_shift_is   0
CLTRep (StoppingCriterion Object)
	inflate         1.2000
	alpha           0.0100
	abs_tol         0.1000
	rel_tol         0
	n_init          256
	n_max           1073741824
MeanVarDataRep (AccumulateData Object)
	replications    16
	solution        10.4827
	sighat          0.0867
	n_total         32768
	confid_int      [ 10.416  10.550]
	time_integrate  0.0865
Within Tolerence: True
