

~~~~~~~~~~~~~~~~~~~~~~~~~~~~~~~~~~~~~~~~~~~~~~~~~~~~~~~~~~~~~~~~~~~~~~~~~~~~~~~~~~~~~~~~~~~~~~~~~~~~


European Call Option

Convergence tests, kurtosis, telescoping sum check using N =  20000 samples
	l              ave(Pf-Pc)     ave(Pf)        var(Pf-Pc)     var(Pf)        kurtosis       check          cost
	0              1.0030e+01     1.0030e+01     1.946e+02      1.946e+02      0.00e+00       0.00e+00       1.00e+00
	1              1.8343e-01     1.0242e+01     1.509e-01      2.056e+02      5.09e+01       4.67e-02       2.00e+00
	2              1.0490e-01     1.0331e+01     4.703e-02      2.151e+02      4.39e+01       2.68e-02       4.00e+00
	3              5.3702e-02     1.0180e+01     1.173e-02      2.066e+02      2.00e+01       3.30e-01       8.00e+00
	4              2.7020e-02     1.0240e+01     2.946e-03      2.078e+02      1.31e+01       5.38e-02       1.60e+01
	5              1.4053e-02     1.0528e+01     8.156e-04      2.185e+02      1.35e+01       4.42e-01       3.20e+01
	6              7.0090e-03     1.0400e+01     2.139e-04      2.191e+02      1.51e+01       2.16e-01       6.40e+01
	7              3.4921e-03     1.0357e+01     5.206e-05      2.127e+02      9.40e+00       7.39e-02       1.28e+02
	8              1.8092e-03     1.0531e+01     1.386e-05      2.222e+02      1.01e+01       2.74e-01       2.56e+02

Linear regression estimates of MLMC parameters
	alpha = 0.963647  (exponent for MLMC weak convergence)
	beta  = 1.930437  (exponent for MLMC variance)
	gamma = 1.000000  (exponent for MLMC cost)

MLMC complexity tests
	eps            value          mlmc_cost      std_cost       savings        N_l
	5.000e-03      1.045e+01      1.373e+07      3.034e+09      221.03         11895760	317842	91264	33717	12240	4400	1612	583	182
	1.000e-02      1.045e+01      3.358e+06      3.629e+08      108.08         2962098	57802	22373	7991	2998	1084	401	146
	2.000e-02      1.044e+01      8.397e+05      4.675e+07      55.67          736788	15211	6303	1980	905	326	102
	5.000e-02      1.044e+01      1.349e+05      3.730e+06      27.65          116782	3533	905	294	195	61
	1.000e-01      1.038e+01      3.276e+04      4.434e+05      13.53          29125	598	291	105	27

Exact Value: 10.450583572185568


~~~~~~~~~~~~~~~~~~~~~~~~~~~~~~~~~~~~~~~~~~~~~~~~~~~~~~~~~~~~~~~~~~~~~~~~~~~~~~~~~~~~~~~~~~~~~~~~~~~~


Asian Call Option

Convergence tests, kurtosis, telescoping sum check using N =  20000 samples
	l              ave(Pf-Pc)     ave(Pf)        var(Pf-Pc)     var(Pf)        kurtosis       check          cost
	0              5.6307e+00     5.6307e+00     6.039e+01      6.039e+01      0.00e+00       0.00e+00       1.00e+00
	1              3.9938e-02     5.5491e+00     2.316e-01      5.917e+01      1.78e+01       3.59e-01       2.00e+00
	2              4.4550e-02     5.6790e+00     3.790e-02      6.167e+01      1.16e+01       2.56e-01       4.00e+00
	3              2.7059e-02     5.7203e+00     6.318e-03      6.212e+01      1.01e+01       4.24e-02       8.00e+00
	4              1.4858e-02     5.7195e+00     1.247e-03      6.267e+01      8.28e+00       4.67e-02       1.60e+01
	5              7.7255e-03     5.8750e+00     2.851e-04      6.520e+01      9.27e+00       4.35e-01       3.20e+01
	6              3.7947e-03     5.6776e+00     6.080e-05      6.116e+01      8.39e+00       5.96e-01       6.40e+01
	7              1.9110e-03     5.6516e+00     1.520e-05      6.222e+01      8.38e+00       8.39e-02       1.28e+02
	8              9.9886e-04     5.7517e+00     3.809e-06      6.281e+01      6.92e+00       2.95e-01       2.56e+02

Linear regression estimates of MLMC parameters
	alpha = 0.826311  (exponent for MLMC weak convergence)
	beta  = 2.260550  (exponent for MLMC variance)
	gamma = 1.000000  (exponent for MLMC cost)

MLMC complexity tests
	eps            value          mlmc_cost      std_cost       savings        N_l
	5.000e-03      5.758e+00      4.723e+06      8.575e+08      181.58         3868375	177005	48478	15071	4492	1436	502	170	55
	1.000e-02      5.755e+00      1.176e+06      1.062e+08      90.27          964153	44203	12145	3812	1138	405	131	40
	2.000e-02      5.785e+00      2.964e+05      1.305e+07      44.02          241430	13239	3024	952	261	88	28
	5.000e-02      5.713e+00      4.774e+04      5.348e+05      11.20          40495	1794	448	141	46
	1.000e-01      5.788e+00      1.213e+04      6.626e+04      5.46           10194	426	200	35
Exact value unknown for asian option

Exact Value: None
