This is pdfTeX, Version 3.141592653-2.6-1.40.24 (TeX Live 2022) (preloaded format=pdflatex 2022.6.23)  9 JUL 2022 10:54
entering extended mode
 restricted \write18 enabled.
 %&-line parsing enabled.
**sphinx/_build/qmcpy.tex
(./sphinx/_build/qmcpy.tex
LaTeX2e <2022-06-01> patch level 2
L3 programming layer <2022-06-16>

! LaTeX Error: File `sphinxmanual.cls' not found.

Type X to quit or <RETURN> to proceed,
or enter new name. (Default extension: cls)

Enter file name: 
! Interruption.
<to be read again> 
                   }
l.4 \ifdefined
              \pdfpxdimen^^M
? X
 
Here is how much of TeX's memory you used:
 25 strings out of 478037
 543 string characters out of 5843053
 297815 words of memory out of 5000000
 18562 multiletter control sequences out of 15000+600000
 469259 words of font info for 28 fonts, out of 8000000 for 9000
 1141 hyphenation exceptions out of 8191
 19i,0n,29p,80b,17s stack positions out of 10000i,1000n,20000p,200000b,200000s
No pages of output.
PDF statistics:
 0 PDF objects out of 1000 (max. 8388607)
 0 named destinations out of 1000 (max. 500000)
 1 words of extra memory for PDF output out of 10000 (max. 10000000)

