

~~~~~~~~~~~~~~~~~~~~~~~~~~~~~~~~~~~~~~~~~~~~~~~~~~~~~~~~~~~~~~~~~~~~~~~~~~~~~~~~~~~~~~~~~~~~~~~~~~~~


European Call Option

Convergence tests, kurtosis, telescoping sum check using N =  20000 samples
	l              ave(Pf-Pc)     ave(Pf)        var(Pf-Pc)     var(Pf)        kurtosis       check          cost
	0              1.0155e+01     1.0155e+01     1.994e+02      1.994e+02      0.00e+00       0.00e+00       1.00e+00
	1              1.8064e-01     1.0151e+01     1.418e-01      2.039e+02      3.72e+01       3.01e-01       2.00e+00
	2              1.0433e-01     1.0377e+01     4.446e-02      2.168e+02      2.48e+01       1.95e-01       4.00e+00
	3              5.3370e-02     1.0299e+01     1.160e-02      2.087e+02      1.88e+01       2.12e-01       8.00e+00
	4              2.7648e-02     1.0363e+01     3.139e-03      2.146e+02      1.59e+01       5.94e-02       1.60e+01
	5              1.4376e-02     1.0615e+01     8.499e-04      2.203e+02      1.36e+01       3.79e-01       3.20e+01
	6              7.2025e-03     1.0609e+01     2.190e-04      2.210e+02      1.21e+01       2.03e-02       6.40e+01
	7              3.5291e-03     1.0331e+01     5.268e-05      2.140e+02      9.30e+00       4.49e-01       1.28e+02
	8              1.7819e-03     1.0446e+01     1.371e-05      2.172e+02      9.87e+00       1.82e-01       2.56e+02

Linear regression estimates of MLMC parameters
	alpha = 0.960539  (exponent for MLMC weak convergence)
	beta  = 1.916969  (exponent for MLMC variance)
	gamma = 1.000000  (exponent for MLMC cost)

MLMC complexity tests
	eps            value          mlmc_cost      std_cost       savings        N_l
	1.000e-02      1.046e+01      3.365e+06      3.653e+08      108.54         2956796	61777	23394	8087	2937	1134	409	136
	2.000e-02      1.043e+01      8.691e+05      4.715e+07      54.26          776920	13110	5878	1981	761	276	87
	5.000e-02      1.035e+01      1.299e+05      3.760e+06      28.94          115603	1962	907	319	157	54
	1.000e-01      1.060e+01      3.303e+04      4.578e+05      13.86          29341	823	220	83	31

Exact Value: 10.4506
