
~~~~~~~~~~~~~~~~~~~~~~~~~~~~~~~~~~~~~~~~~~~~~~~~~~~~~~~~~~~~~~~~~~~~~~~~~~~~~~~~~~~~~~~~~~~~~~~~~~~~

Solution: 5.7993         
AsianCall (Integrand Object)
	volatility      0.5000
	start_price     30
	strike_price    25
	interest_rate   0.0100
	mean_type       geometric
	dimensions      [ 4 16 64]
	dim_fracs       [ 0.000  4.000  4.000]
IIDStdGaussian (DiscreteDistribution Object)
	dimension       64
	seed            7
	mimics          StdGaussian
BrownianMotion (TrueMeasure Object)
	distrib_name    IIDStdGaussian
	time_vector     [ 0.016  0.031  0.047 ...  0.969  0.984  1.000]
	mean_shift_is   0
CLT (StoppingCriterion Object)
	inflate         1.2000
	alpha           0.0100
	abs_tol         0.1000
	rel_tol         0
	n_init          1024
	n_max           10000000000
MeanVarData (AccumulateData Object)
	levels          3
	solution        5.7993
	n               [70888  6434  2048]
	n_total         82442
	confid_int      [ 5.704  5.895]
	time_integrate  0.0496

~~~~~~~~~~~~~~~~~~~~~~~~~~~~~~~~~~~~~~~~~~~~~~~~~~~~~~~~~~~~~~~~~~~~~~~~~~~~~~~~~~~~~~~~~~~~~~~~~~~~

