
~~~~~~~~~~~~~~~~~~~~~~~~~~~~~~~~~~~~~~~~~~~~~~~~~~~~~~~~~~~~~~~~~~~~~~~~~~~~~~~~~~~~~~~~~~~~~~~~~~~~

Solution: 2.1676         
Keister (Integrand Object)
IIDStdUniform (DiscreteDistribution Object)
    dimension       3
    seed            7
    mimics          StdUniform
Gaussian (TrueMeasure Object)
    distrib_name    IIDStdUniform
    mean            0
    covariance      0.5000
CubMCCLT (StoppingCriterion Object)
    inflate         1.2000
    alpha           0.0100
    abs_tol         0.0050
    rel_tol         0
    n_init          1024
    n_max           10000000000
MeanVarData (AccumulateData Object)
    levels          1
    solution        2.1676
    n               1878963
    n_total         1879987
    confid_int      [ 2.163  2.173]
    time_integrate  0.6550
~~~~~~~~~~~~~~~~~~~~~~~~~~~~~~~~~~~~~~~~~~~~~~~~~~~~~~~~~~~~~~~~~~~~~~~~~~~~~~~~~~~~~~~~~~~~~~~~~~~~

Solution: 2.1693         
Keister (Integrand Object)
Lattice (DiscreteDistribution Object)
    dimension       3
    randomize       1
    seed            1092
    backend         mps
    mimics          StdUniform
Gaussian (TrueMeasure Object)
    distrib_name    Lattice
    mean            0
    covariance      0.5000
CubQMCCLT (StoppingCriterion Object)
    inflate         1.2000
    alpha           0.0100
    abs_tol         0.0050
    rel_tol         0
    n_init          256
    n_max           1073741824
MeanVarDataRep (AccumulateData Object)
    replications    16
    solution        2.1693
    sighat          0.0040
    n_total         8192
    confid_int      [ 2.166  2.172]
    time_integrate  0.0122
~~~~~~~~~~~~~~~~~~~~~~~~~~~~~~~~~~~~~~~~~~~~~~~~~~~~~~~~~~~~~~~~~~~~~~~~~~~~~~~~~~~~~~~~~~~~~~~~~~~~

Solution: 2.1682         
Keister (Integrand Object)
IIDStdGaussian (DiscreteDistribution Object)
    dimension       3
    seed            7
    mimics          StdGaussian
Gaussian (TrueMeasure Object)
    distrib_name    IIDStdGaussian
    mean            0
    covariance      0.5000
CubMCG (StoppingCriterion Object)
    inflate         1.2000
    alpha           0.0100
    abs_tol         0.0050
    rel_tol         0
    n_init          1024
    n_max           10000000000
MeanVarData (AccumulateData Object)
    levels          1
    solution        2.1682
    n               2342182
    n_total         2343206
    confid_int      [ 2.163  2.173]
    time_integrate  0.4735
~~~~~~~~~~~~~~~~~~~~~~~~~~~~~~~~~~~~~~~~~~~~~~~~~~~~~~~~~~~~~~~~~~~~~~~~~~~~~~~~~~~~~~~~~~~~~~~~~~~~

Solution: 2.1681         
Keister (Integrand Object)
Lattice (DiscreteDistribution Object)
    dimension       3
    randomize       1
    seed            7
    backend         gail
    mimics          StdUniform
Gaussian (TrueMeasure Object)
    distrib_name    Lattice
    mean            0
    covariance      0.5000
CubQMCLatticeG (StoppingCriterion Object)
    abs_tol         0.0050
    rel_tol         0
    n_init          1024
    n_max           34359738368
LDTransformData (AccumulateData Object)
    n_total         4096
    solution        2.1681
    r_lag           4
    time_integrate  0.0085
~~~~~~~~~~~~~~~~~~~~~~~~~~~~~~~~~~~~~~~~~~~~~~~~~~~~~~~~~~~~~~~~~~~~~~~~~~~~~~~~~~~~~~~~~~~~~~~~~~~~

Solution: 2.1705         
Keister (Integrand Object)
Sobol (DiscreteDistribution Object)
    dimension       3
    randomize       1
    seed            7
    backend         qrng
    mimics          StdUniform
    graycode        0
Gaussian (TrueMeasure Object)
    distrib_name    Sobol
    mean            0
    covariance      0.5000
CubQMCSobolG (StoppingCriterion Object)
    abs_tol         0.0050
    rel_tol         0
    n_init          1024
    n_max           34359738368
LDTransformData (AccumulateData Object)
    n_total         4096
    solution        2.1705
    r_lag           4
    time_integrate  0.0050
~~~~~~~~~~~~~~~~~~~~~~~~~~~~~~~~~~~~~~~~~~~~~~~~~~~~~~~~~~~~~~~~~~~~~~~~~~~~~~~~~~~~~~~~~~~~~~~~~~~~

