
~~~~~~~~~~~~~~~~~~~~~~~~~~~~~~~~~~~~~~~~~~~~~~~~~~~~~~~~~~~~~~~~~~~~~~~~~~~~~~~~~~~~~~~~~~~~~~~~~~~~

AsianCall (Integrand Object)
	volatility      0.500
	start_price     30
	strike_price    25
	interest_rate   0
	mean_type       arithmetic
	dimensions      4
	dim_fracs       0

Asian Call (Single Level) approx with 32768 samples: 6.134

~~~~~~~~~~~~~~~~~~~~~~~~~~~~~~~~~~~~~~~~~~~~~~~~~~~~~~~~~~~~~~~~~~~~~~~~~~~~~~~~~~~~~~~~~~~~~~~~~~~~

AsianCall (Integrand Object)
	volatility      0.500
	start_price     30
	strike_price    25
	interest_rate   0
	mean_type       arithmetic
	dimensions      [ 4 16 64]
	dim_fracs       [ 0.000  4.000  4.000]

Asian Call (Multi Level) passing
Keister (Integrand Object)

Keister approx with 32768 samples: 2.176

~~~~~~~~~~~~~~~~~~~~~~~~~~~~~~~~~~~~~~~~~~~~~~~~~~~~~~~~~~~~~~~~~~~~~~~~~~~~~~~~~~~~~~~~~~~~~~~~~~~~

Linear (Integrand Object)

Linear approx with 32768 samples: 1.000

~~~~~~~~~~~~~~~~~~~~~~~~~~~~~~~~~~~~~~~~~~~~~~~~~~~~~~~~~~~~~~~~~~~~~~~~~~~~~~~~~~~~~~~~~~~~~~~~~~~~

QuickConstruct (Integrand Object)

QuickConstruct approx with 32768 samples: 9540130.711

~~~~~~~~~~~~~~~~~~~~~~~~~~~~~~~~~~~~~~~~~~~~~~~~~~~~~~~~~~~~~~~~~~~~~~~~~~~~~~~~~~~~~~~~~~~~~~~~~~~~

