
~~~~~~~~~~~~~~~~~~~~~~~~~~~~~~~~~~~~~~~~~~~~~~~~~~~~~~~~~~~~~~~~~~~~~~~~~~~~~~~~~~~~~~~~~~~~~~~~~~~~

BrownianMotion (TrueMeasure Object)
	distrib_name    IIDStdUniform
	time_vector     [0.5 1. ]


~~~~~~~~~~~~~~~~~~~~~~~~~~~~~~~~~~~~~~~~~~~~~~~~~~~~~~~~~~~~~~~~~~~~~~~~~~~~~~~~~~~~~~~~~~~~~~~~~~~~

BrownianMotion (TrueMeasure Object)
	distrib_name    IIDStdGaussian
	time_vector     [0.5 1. ]


~~~~~~~~~~~~~~~~~~~~~~~~~~~~~~~~~~~~~~~~~~~~~~~~~~~~~~~~~~~~~~~~~~~~~~~~~~~~~~~~~~~~~~~~~~~~~~~~~~~~

Gaussian (TrueMeasure Object)
	distrib_name    IIDStdUniform
	mean            [3 3]
	covariance      [5 7]


~~~~~~~~~~~~~~~~~~~~~~~~~~~~~~~~~~~~~~~~~~~~~~~~~~~~~~~~~~~~~~~~~~~~~~~~~~~~~~~~~~~~~~~~~~~~~~~~~~~~

Gaussian (TrueMeasure Object)
	distrib_name    IIDStdGaussian
	mean            [3 3]
	covariance      [5 7]


~~~~~~~~~~~~~~~~~~~~~~~~~~~~~~~~~~~~~~~~~~~~~~~~~~~~~~~~~~~~~~~~~~~~~~~~~~~~~~~~~~~~~~~~~~~~~~~~~~~~

Uniform (TrueMeasure Object)
	distrib_name    IIDStdUniform
	lower_bound     [-2 -3]
	upper_bound     [4 4]


~~~~~~~~~~~~~~~~~~~~~~~~~~~~~~~~~~~~~~~~~~~~~~~~~~~~~~~~~~~~~~~~~~~~~~~~~~~~~~~~~~~~~~~~~~~~~~~~~~~~

Uniform (TrueMeasure Object)
	distrib_name    IIDStdGaussian
	lower_bound     [-2 -3]
	upper_bound     [4 4]


~~~~~~~~~~~~~~~~~~~~~~~~~~~~~~~~~~~~~~~~~~~~~~~~~~~~~~~~~~~~~~~~~~~~~~~~~~~~~~~~~~~~~~~~~~~~~~~~~~~~

