
~~~~~~~~~~~~~~~~~~~~~~~~~~~~~~~~~~~~~~~~~~~~~~~~~~~~~~~~~~~~~~~~~~~~~~~~~~~~~~~~~~~~~~~~~~~~~~~~~~~~

Solution: 5.8292         
AsianCall (Integrand Object)
	volatility      0.500
	start_price     30
	strike_price    25
	interest_rate   0.010
	mean_type       geometric
	_dim_frac       0
IIDStdGaussian (Discrete Distribution Object)
	dimension       64
	seed            7
	mimics          StdGaussian
BrownianMotion (True Measure Object)
	distrib_name    IIDStdGaussian
	time_vector     [ 0.016  0.031  0.047 ...  0.969  0.984  1.000]
CLT (Stopping Criterion Object)
	inflate         1.200
	alpha           0.010
	abs_tol         0.050
	rel_tol         0
	n_init          1024
	n_max           10000000000
MeanVarData (AccumData Object)
	levels          1
	solution        5.829
	n               199887
	n_total         200911
	confid_int      [ 5.779  5.879]
	time_total      0.715

~~~~~~~~~~~~~~~~~~~~~~~~~~~~~~~~~~~~~~~~~~~~~~~~~~~~~~~~~~~~~~~~~~~~~~~~~~~~~~~~~~~~~~~~~~~~~~~~~~~~

Solution: 5.8387         
AsianCall (Integrand Object)
	volatility      0.500
	start_price     30
	strike_price    25
	interest_rate   0.010
	mean_type       geometric
	_dim_frac       0
Lattice (Discrete Distribution Object)
	dimension       64
	scramble        1
	replications    16
	seed            7
	backend         mps
	mimics          StdUniform
BrownianMotion (True Measure Object)
	distrib_name    Lattice
	time_vector     [ 0.016  0.031  0.047 ...  0.969  0.984  1.000]
CLTRep (Stopping Criterion Object)
	inflate         1.200
	alpha           0.010
	abs_tol         0.050
	rel_tol         0
	n_init          256
	n_max           1073741824
MeanVarDataRep (AccumData Object)
	replications    16
	solution        5.839
	sighat          0.042
	n_total         2048
	confid_int      [ 5.836  5.842]
	time_total      0.306

~~~~~~~~~~~~~~~~~~~~~~~~~~~~~~~~~~~~~~~~~~~~~~~~~~~~~~~~~~~~~~~~~~~~~~~~~~~~~~~~~~~~~~~~~~~~~~~~~~~~

Solution: 5.8245         
AsianCall (Integrand Object)
	volatility      0.500
	start_price     30
	strike_price    25
	interest_rate   0.010
	mean_type       geometric
	_dim_frac       0
IIDStdGaussian (Discrete Distribution Object)
	dimension       64
	seed            7
	mimics          StdGaussian
BrownianMotion (True Measure Object)
	distrib_name    IIDStdGaussian
	time_vector     [ 0.016  0.031  0.047 ...  0.969  0.984  1.000]
MeanMC_g (Stopping Criterion Object)
	inflate         1.200
	alpha           0.010
	abs_tol         0.050
	rel_tol         0
	n_init          1024
	n_max           10000000000
MeanVarData (AccumData Object)
	levels          1
	solution        5.824
	n               268690
	n_total         269714
	confid_int      [ 5.774  5.874]
	time_total      1.093

~~~~~~~~~~~~~~~~~~~~~~~~~~~~~~~~~~~~~~~~~~~~~~~~~~~~~~~~~~~~~~~~~~~~~~~~~~~~~~~~~~~~~~~~~~~~~~~~~~~~

Solution: 5.8478         
AsianCall (Integrand Object)
	volatility      0.500
	start_price     30
	strike_price    25
	interest_rate   0.010
	mean_type       geometric
	_dim_frac       0
Lattice (Discrete Distribution Object)
	dimension       64
	scramble        1
	replications    0
	seed            7
	backend         gail
	mimics          StdUniform
BrownianMotion (True Measure Object)
	distrib_name    Lattice
	time_vector     [ 0.016  0.031  0.047 ...  0.969  0.984  1.000]
CubLattice_g (Stopping Criterion Object)
	abs_tol         0.050
	rel_tol         0
	n_init          1024
	n_max           34359738368
CubatureData (AccumData Object)
	n_total         4096
	solution        5.848
	r_lag           4
	time_total      0.047

~~~~~~~~~~~~~~~~~~~~~~~~~~~~~~~~~~~~~~~~~~~~~~~~~~~~~~~~~~~~~~~~~~~~~~~~~~~~~~~~~~~~~~~~~~~~~~~~~~~~

