
~~~~~~~~~~~~~~~~~~~~~~~~~~~~~~~~~~~~~~~~~~~~~~~~~~~~~~~~~~~~~~~~~~~~~~~~~~~~~~~~~~~~~~~~~~~~~~~~~~~~

Solution: 5.8198         
MultiLevelConstructor (AsianCall Object)
	volatility      [ 0.500  0.500  0.500]
	start_price     [30 30 30]
	strike_price    [25 25 25]
	interest_rate   [ 0.010  0.010  0.010]
	mean_type       ['geometric' 'geometric' 'geometric']
	_dim_frac       [ 0.000  16.000  1.000]
MultiLevelConstructor (IIDStdGaussian Object)
	dimension       [ 4 64 64]
	seed            [7 7 7]
	mimics          ['StdGaussian' 'StdGaussian' 'StdGaussian']
MultiLevelConstructor (BrownianMotion Object)
	time_vector     [array([ 0.250,  0.500,  0.750,  1.000])
	                array([ 0.016,  0.031,  0.047, ...,  0.969,  0.984,  1.000])
	                array([ 0.016,  0.031,  0.047, ...,  0.969,  0.984,  1.000])]
CLT (Stopping Criterion Object)
	inflate         1.200
	alpha           0.010
	abs_tol         0.050
	rel_tol         0
	n_init          1024
	n_max           10000000000
MeanVarData (AccumData Object)
	levels          3
	solution        5.820
	n               [293237  14786   2048]
	n_total         313143
	confid_int      [ 5.771  5.868]
	time_total      0.154

~~~~~~~~~~~~~~~~~~~~~~~~~~~~~~~~~~~~~~~~~~~~~~~~~~~~~~~~~~~~~~~~~~~~~~~~~~~~~~~~~~~~~~~~~~~~~~~~~~~~

