
~~~~~~~~~~~~~~~~~~~~~~~~~~~~~~~~~~~~~~~~~~~~~~~~~~~~~~~~~~~~~~~~~~~~~~~~~~~~~~~~~~~~~~~~~~~~~~~~~~~~

Solution: 5.8415         
AsianCall (Integrand Object)
    volatility      2^(-1)
    start_price     30
    strike_price    25
    interest_rate   0.010
    mean_type       geometric
    dimensions      [ 4 16 64]
    dim_fracs       [0. 4. 4.]
IIDStdGaussian (DiscreteDistribution Object)
    dimension       2^(6)
    seed            7
    mimics          StdGaussian
BrownianMotion (TrueMeasure Object)
    time_vector     [0.016 0.031 0.047 ... 0.969 0.984 1.   ]
    drift           0
    assembly_type   pca
CubMCCLT (StoppingCriterion Object)
    inflate         1.200
    alpha           0.010
    abs_tol         0.025
    rel_tol         0
    n_init          2^(10)
    n_max           10000000000
MeanVarData (AccumulateData Object)
    levels          3
    solution        5.842
    n               [958085.  85581.  10471.]
    n_total         1057209
    error_hat       0.026
    confid_int      [5.815 5.868]
    time_integrate  0.436
~~~~~~~~~~~~~~~~~~~~~~~~~~~~~~~~~~~~~~~~~~~~~~~~~~~~~~~~~~~~~~~~~~~~~~~~~~~~~~~~~~~~~~~~~~~~~~~~~~~~

