
~~~~~~~~~~~~~~~~~~~~~~~~~~~~~~~~~~~~~~~~~~~~~~~~~~~~~~~~~~~~~~~~~~~~~~~~~~~~~~~~~~~~~~~~~~~~~~~~~~~~

Solution: 10.4580        
MLCallOptions (Integrand Object)
    option          european
    sigma           0.200
    k               100
    r               0.050
    t               1
    b               85
IIDStdUniform (DiscreteDistribution Object)
    d               2^(7)
    seed            None
    mimics          StdUniform
Gaussian (TrueMeasure Object)
    d               2^(7)
    mean            0
    covariance      1
    decomp_type     pca
CubMCML (StoppingCriterion Object)
    rmse_tol        0.010
    n_init          2^(8)
    levels_min      2^(1)
    levels_max      10
    theta           2^(-2)
MLMCData (AccumulateData Object)
    levels          2^(3)
    dimensions      [  1.   2.   4.   8.  16.  32.  64. 128.]
    n_level         [3.147e+06 6.064e+04 3.026e+04 9.128e+03 3.472e+03 1.163e+03 4.310e+02
                    1.550e+02]
    mean_level      [1.006e+01 1.831e-01 1.043e-01 5.629e-02 2.696e-02 1.425e-02 5.800e-03
                    3.639e-03]
    var_level       [1.962e+02 1.457e-01 4.365e-02 1.320e-02 3.064e-03 8.575e-04 1.726e-04
                    5.806e-05]
    cost_per_sample [  1.   2.   4.   8.  16.  32.  64. 128.]
    n_total         3254205
    alpha           0.974
    beta            1.921
    gamma           1.000
    time_integrate  1.336

~~~~~~~~~~~~~~~~~~~~~~~~~~~~~~~~~~~~~~~~~~~~~~~~~~~~~~~~~~~~~~~~~~~~~~~~~~~~~~~~~~~~~~~~~~~~~~~~~~~~

Solution: 10.4442        
MLCallOptions (Integrand Object)
    option          european
    sigma           0.200
    k               100
    r               0.050
    t               1
    b               85
Lattice (DiscreteDistribution Object)
    d               2^(6)
    randomize       1
    order           natural
    seed            202046
    mimics          StdUniform
Gaussian (TrueMeasure Object)
    d               2^(6)
    mean            0
    covariance      1
    decomp_type     pca
CubQMCML (StoppingCriterion Object)
    rmse_tol        0.010
    n_init          2^(4)
    n_max           10000000000
    replications    2^(4)
MLQMCData (AccumulateData Object)
    levels          2^(3)
    dimensions      [  1.   2.   4.   8.  16.  32.  64. 128.]
    n_level         [8192. 1024. 1024. 1024.  256.   64.   32.   16.]
    mean_level      [1.005e+01 1.817e-01 1.030e-01 5.363e-02 2.689e-02 1.392e-02 7.087e-03
                    3.194e-03]
    var_level       [1.398e-05 8.118e-06 1.697e-06 3.807e-06 3.097e-06 7.523e-06 1.707e-06
                    1.252e-06]
    bias_estimate   0.004
    n_total         186112
    time_integrate  0.786

~~~~~~~~~~~~~~~~~~~~~~~~~~~~~~~~~~~~~~~~~~~~~~~~~~~~~~~~~~~~~~~~~~~~~~~~~~~~~~~~~~~~~~~~~~~~~~~~~~~~

Solution: 10.4365        
EuropeanOption (Integrand Object)
    volatility      0.200
    call_put        call
    start_price     100
    strike_price    100
    interest_rate   0.050
Lattice (DiscreteDistribution Object)
    d               2^(7)
    randomize       1
    order           natural
    seed            76396
    mimics          StdUniform
BrownianMotion (TrueMeasure Object)
    d               2^(7)
    time_vec        [0.008 0.016 0.023 ... 0.984 0.992 1.   ]
    drift           0
    mean            [0. 0. 0. ... 0. 0. 0.]
    covariance      [[0.008 0.008 0.008 ... 0.008 0.008 0.008]
                    [0.008 0.016 0.016 ... 0.016 0.016 0.016]
                    [0.008 0.016 0.023 ... 0.023 0.023 0.023]
                    ...
                    [0.008 0.016 0.023 ... 0.984 0.984 0.984]
                    [0.008 0.016 0.023 ... 0.984 0.992 0.992]
                    [0.008 0.016 0.023 ... 0.984 0.992 1.   ]]
    decomp_type     pca
CubQMCLatticeG (StoppingCriterion Object)
    abs_tol         0.025
    rel_tol         0
    n_init          2^(10)
    n_max           2^(35)
LDTransformData (AccumulateData Object)
    n_total         2^(12)
    solution        10.437
    error_bound     0.021
    time_integrate  0.194

~~~~~~~~~~~~~~~~~~~~~~~~~~~~~~~~~~~~~~~~~~~~~~~~~~~~~~~~~~~~~~~~~~~~~~~~~~~~~~~~~~~~~~~~~~~~~~~~~~~~

Solution: 10.4505        
EuropeanOption (Integrand Object)
    volatility      0.200
    call_put        call
    start_price     100
    strike_price    100
    interest_rate   0.050
Sobol (DiscreteDistribution Object)
    d               2^(7)
    randomize       1
    graycode        0
    seed            [72108 68107 62937 ... 78403  3577 81953]
    mimics          StdUniform
    dim0            0
BrownianMotion (TrueMeasure Object)
    d               2^(7)
    time_vec        [0.008 0.016 0.023 ... 0.984 0.992 1.   ]
    drift           0
    mean            [0. 0. 0. ... 0. 0. 0.]
    covariance      [[0.008 0.008 0.008 ... 0.008 0.008 0.008]
                    [0.008 0.016 0.016 ... 0.016 0.016 0.016]
                    [0.008 0.016 0.023 ... 0.023 0.023 0.023]
                    ...
                    [0.008 0.016 0.023 ... 0.984 0.984 0.984]
                    [0.008 0.016 0.023 ... 0.984 0.992 0.992]
                    [0.008 0.016 0.023 ... 0.984 0.992 1.   ]]
    decomp_type     pca
CubQMCSobolG (StoppingCriterion Object)
    abs_tol         0.025
    rel_tol         0
    n_init          2^(10)
    n_max           2^(35)
LDTransformData (AccumulateData Object)
    n_total         2^(12)
    solution        10.451
    error_bound     0.023
    time_integrate  0.127

~~~~~~~~~~~~~~~~~~~~~~~~~~~~~~~~~~~~~~~~~~~~~~~~~~~~~~~~~~~~~~~~~~~~~~~~~~~~~~~~~~~~~~~~~~~~~~~~~~~~

Solution: 10.4576        
EuropeanOption (Integrand Object)
    volatility      0.200
    call_put        call
    start_price     100
    strike_price    100
    interest_rate   0.050
Lattice (DiscreteDistribution Object)
    d               2^(7)
    randomize       1
    order           natural
    seed            16960
    mimics          StdUniform
BrownianMotion (TrueMeasure Object)
    d               2^(7)
    time_vec        [0.008 0.016 0.023 ... 0.984 0.992 1.   ]
    drift           0
    mean            [0. 0. 0. ... 0. 0. 0.]
    covariance      [[0.008 0.008 0.008 ... 0.008 0.008 0.008]
                    [0.008 0.016 0.016 ... 0.016 0.016 0.016]
                    [0.008 0.016 0.023 ... 0.023 0.023 0.023]
                    ...
                    [0.008 0.016 0.023 ... 0.984 0.984 0.984]
                    [0.008 0.016 0.023 ... 0.984 0.992 0.992]
                    [0.008 0.016 0.023 ... 0.984 0.992 1.   ]]
    decomp_type     pca
CubQMCCLT (StoppingCriterion Object)
    inflate         1.200
    alpha           0.010
    abs_tol         0.025
    rel_tol         0
    n_init          2^(8)
    n_max           2^(30)
MeanVarDataRep (AccumulateData Object)
    replications    2^(4)
    solution        10.458
    sighat          0.028
    n_total         2^(16)
    error_bound     0.021
    confid_int      [10.436 10.479]
    time_integrate  2.249

~~~~~~~~~~~~~~~~~~~~~~~~~~~~~~~~~~~~~~~~~~~~~~~~~~~~~~~~~~~~~~~~~~~~~~~~~~~~~~~~~~~~~~~~~~~~~~~~~~~~

Solution: 10.5208        
EuropeanOption (Integrand Object)
    volatility      0.200
    call_put        call
    start_price     100
    strike_price    100
    interest_rate   0.050
Lattice (DiscreteDistribution Object)
    d               2^(7)
    randomize       1
    order           linear
    seed            36154
    mimics          StdUniform
BrownianMotion (TrueMeasure Object)
    d               2^(7)
    time_vec        [0.008 0.016 0.023 ... 0.984 0.992 1.   ]
    drift           0
    mean            [0. 0. 0. ... 0. 0. 0.]
    covariance      [[0.008 0.008 0.008 ... 0.008 0.008 0.008]
                    [0.008 0.016 0.016 ... 0.016 0.016 0.016]
                    [0.008 0.016 0.023 ... 0.023 0.023 0.023]
                    ...
                    [0.008 0.016 0.023 ... 0.984 0.984 0.984]
                    [0.008 0.016 0.023 ... 0.984 0.992 0.992]
                    [0.008 0.016 0.023 ... 0.984 0.992 1.   ]]
    decomp_type     pca
CubBayesLatticeG (StoppingCriterion Object)
    abs_tol         0.025
    rel_tol         0
    n_init          2^(8)
    n_max           2^(22)
LDTransformBayesData (AccumulateData Object)
    n_total         256
    solution        10.521
    error_bound     4.13e-57
    time_integrate  0.024

~~~~~~~~~~~~~~~~~~~~~~~~~~~~~~~~~~~~~~~~~~~~~~~~~~~~~~~~~~~~~~~~~~~~~~~~~~~~~~~~~~~~~~~~~~~~~~~~~~~~

Solution: 10.4699        
EuropeanOption (Integrand Object)
    volatility      0.200
    call_put        call
    start_price     100
    strike_price    100
    interest_rate   0.050
Sobol (DiscreteDistribution Object)
    d               2^(7)
    randomize       1
    graycode        0
    seed            [33425 54148 42187 ... 94738 69419 66533]
    mimics          StdUniform
    dim0            0
BrownianMotion (TrueMeasure Object)
    d               2^(7)
    time_vec        [0.008 0.016 0.023 ... 0.984 0.992 1.   ]
    drift           0
    mean            [0. 0. 0. ... 0. 0. 0.]
    covariance      [[0.008 0.008 0.008 ... 0.008 0.008 0.008]
                    [0.008 0.016 0.016 ... 0.016 0.016 0.016]
                    [0.008 0.016 0.023 ... 0.023 0.023 0.023]
                    ...
                    [0.008 0.016 0.023 ... 0.984 0.984 0.984]
                    [0.008 0.016 0.023 ... 0.984 0.992 0.992]
                    [0.008 0.016 0.023 ... 0.984 0.992 1.   ]]
    decomp_type     pca
CubBayesNetG (StoppingCriterion Object)
    abs_tol         0.025
    rel_tol         0
    n_init          2^(8)
    n_max           2^(22)
LDTransformBayesData (AccumulateData Object)
    n_total         256
    solution        10.470
    error_bound     8.70e-20
    time_integrate  0.023
