

~~~~~~~~~~~~~~~~~~~~~~~~~~~~~~~~~~~~~~~~~~~~~~~~~~~~~~~~~~~~~~~~~~~~~~~~~~~~~~~~~~~~~~~~~~~~~~~~~~~~


European Call Option

Convergence tests, kurtosis, telescoping sum check using N =  20000 samples
	l              ave(Pf-Pc)     ave(Pf)        var(Pf-Pc)     var(Pf)        kurtosis       check          cost
	0              1.0227e+01     1.0227e+01     2.043e+02      2.043e+02      0.00e+00       0.00e+00       1.00e+00
	1              1.8453e-01     1.0344e+01     1.572e-01      2.056e+02      1.54e+02       1.11e-01       2.00e+00
	2              1.0523e-01     1.0411e+01     4.468e-02      2.149e+02      2.96e+01       6.15e-02       4.00e+00
	3              5.3952e-02     1.0339e+01     1.247e-02      2.169e+02      2.73e+01       2.00e-01       8.00e+00
	4              2.7894e-02     1.0511e+01     3.181e-03      2.138e+02      1.62e+01       2.31e-01       1.60e+01
	5              1.3618e-02     1.0291e+01     8.229e-04      2.135e+02      1.43e+01       3.78e-01       3.20e+01
	6              7.1362e-03     1.0559e+01     2.085e-04      2.162e+02      1.04e+01       4.19e-01       6.40e+01
	7              3.4921e-03     1.0397e+01     5.179e-05      2.136e+02      9.54e+00       2.65e-01       1.28e+02
	8              1.7531e-03     1.0372e+01     1.334e-05      2.144e+02      9.66e+00       4.32e-02       2.56e+02

Linear regression estimates of MLMC parameters
	alpha = 0.968819  (exponent for MLMC weak convergence)
	beta  = 1.941572  (exponent for MLMC variance)
	gamma = 1.000000  (exponent for MLMC cost)

MLMC complexity tests
	eps            value          mlmc_cost      std_cost       savings        N_l
	5.000e-03      1.045e+01      2.028e+07      2.927e+09      144.38         17832490	349597	130922	49002	18136	6513	2334	834	291
	1.000e-02      1.043e+01      5.005e+06      3.646e+08      72.85          4425622	85505	31905	12161	4309	1616	582	199
	2.000e-02      1.044e+01      1.248e+06      4.612e+07      36.96          1106464	20639	8468	2957	1137	445	161
	5.000e-02      1.042e+01      2.723e+05      1.825e+06      6.70           250750	3724	1791	489	188
	1.000e-01      1.031e+01      4.609e+04      2.313e+05      5.02           42573	717	302	109

Exact Value: 10.450583572185568


~~~~~~~~~~~~~~~~~~~~~~~~~~~~~~~~~~~~~~~~~~~~~~~~~~~~~~~~~~~~~~~~~~~~~~~~~~~~~~~~~~~~~~~~~~~~~~~~~~~~


Asian Call Option

Convergence tests, kurtosis, telescoping sum check using N =  20000 samples
	l              ave(Pf-Pc)     ave(Pf)        var(Pf-Pc)     var(Pf)        kurtosis       check          cost
	0              5.5865e+00     5.5865e+00     5.915e+01      5.915e+01      0.00e+00       0.00e+00       1.00e+00
	1              4.3013e-02     5.7232e+00     2.477e-01      6.113e+01      1.71e+01       2.76e-01       2.00e+00
	2              4.3259e-02     5.6296e+00     3.693e-02      6.153e+01      1.26e+01       4.07e-01       4.00e+00
	3              2.6846e-02     5.6721e+00     6.410e-03      6.220e+01      9.59e+00       4.67e-02       8.00e+00
	4              1.4803e-02     5.7207e+00     1.240e-03      6.192e+01      9.42e+00       1.01e-01       1.60e+01
	5              7.6743e-03     5.7515e+00     2.693e-04      6.261e+01      8.22e+00       6.90e-02       3.20e+01
	6              3.7969e-03     5.7128e+00     6.333e-05      6.331e+01      8.75e+00       1.26e-01       6.40e+01
	7              1.9328e-03     5.6531e+00     1.480e-05      6.205e+01      6.90e+00       1.83e-01       1.28e+02
	8              9.9896e-04     5.8324e+00     3.877e-06      6.385e+01      7.77e+00       5.30e-01       2.56e+02

Linear regression estimates of MLMC parameters
	alpha = 0.831331  (exponent for MLMC weak convergence)
	beta  = 2.266118  (exponent for MLMC variance)
	gamma = 1.000000  (exponent for MLMC cost)

MLMC complexity tests
	eps            value          mlmc_cost      std_cost       savings        N_l
	5.000e-03      5.759e+00      7.044e+06      4.236e+08      60.14          5784009	263735	72983	22729	6609	2134	803	259
	1.000e-02      5.767e+00      1.791e+06      5.402e+07      30.16          1481991	66305	18086	5633	1750	593	192
	2.000e-02      5.745e+00      4.288e+05      6.679e+06      15.58          355294	17020	4411	1397	388	138
	5.000e-02      5.711e+00      6.936e+04      2.654e+05      3.83           58285	3193	728	222
	1.000e-01      5.639e+00      1.574e+04      3.282e+04      2.08           13741	602	200
Exact value unknown for asian option

Exact Value: None
