
~~~~~~~~~~~~~~~~~~~~~~~~~~~~~~~~~~~~~~~~~~~~~~~~~~~~~~~~~~~~~~~~~~~~~~~~~~~~~~~~~~~~~~~~~~~~~~~~~~~~

IIDStdUniform (Discrete Distribution Object)
	dimension       2
	seed            7
	mimics          StdUniform

Shape: (4, 2)
Nodes:
	[[0.62509547 0.8972138 ]
	 [0.77568569 0.22520719]
	 [0.30016628 0.87355345]
	 [0.0052653  0.82122842]]

~~~~~~~~~~~~~~~~~~~~~~~~~~~~~~~~~~~~~~~~~~~~~~~~~~~~~~~~~~~~~~~~~~~~~~~~~~~~~~~~~~~~~~~~~~~~~~~~~~~~

IIDStdGaussian (Discrete Distribution Object)
	dimension       2
	seed            7
	mimics          StdGaussian

Shape: (4, 2)
Nodes:
	[[ 1.23015336e-03  2.98745538e-01]
	 [-2.74137855e-01 -8.90591839e-01]
	 [-4.54670785e-01 -9.91646555e-01]
	 [ 6.01436026e-02  1.34021525e+00]]

~~~~~~~~~~~~~~~~~~~~~~~~~~~~~~~~~~~~~~~~~~~~~~~~~~~~~~~~~~~~~~~~~~~~~~~~~~~~~~~~~~~~~~~~~~~~~~~~~~~~

Lattice (Discrete Distribution Object)
	dimension       2
	scramble        1
	replications    0
	seed            7
	backend         gail
	mimics          StdUniform

Shape: (4, 2)
Nodes:
	[[0.20130829 0.40491879]
	 [0.70130829 0.90491879]
	 [0.45130829 0.65491879]
	 [0.95130829 0.15491879]]

~~~~~~~~~~~~~~~~~~~~~~~~~~~~~~~~~~~~~~~~~~~~~~~~~~~~~~~~~~~~~~~~~~~~~~~~~~~~~~~~~~~~~~~~~~~~~~~~~~~~

Sobol (Discrete Distribution Object)
	dimension       2
	scramble        1
	replications    0
	seed            7
	backend         pytorch
	mimics          StdUniform

Shape: (4, 2)
Nodes:
	[[0.53504884 0.5649721 ]
	 [0.86225075 0.05609816]
	 [0.11594267 0.7526729 ]
	 [0.00262351 0.3994494 ]]

~~~~~~~~~~~~~~~~~~~~~~~~~~~~~~~~~~~~~~~~~~~~~~~~~~~~~~~~~~~~~~~~~~~~~~~~~~~~~~~~~~~~~~~~~~~~~~~~~~~~

