
~~~~~~~~~~~~~~~~~~~~~~~~~~~~~~~~~~~~~~~~~~~~~~~~~~~~~~~~~~~~~~~~~~~~~~~~~~~~~~~~~~~~~~~~~~~~~~~~~~~~

Solution: 1.8118         
Keister (Integrand Object)
IIDStdUniform (DiscreteDistribution Object)
	dimension       2
	seed            7
	mimics          StdUniform
Gaussian (TrueMeasure Object)
	distrib_name    IIDStdUniform
	mean            0
	covariance      0.500
CLT (StoppingCriterion Object)
	inflate         1.200
	alpha           0.010
	abs_tol         0.005
	rel_tol         0
	n_init          1024
	n_max           10000000000
MeanVarData (AccumulateData Object)
	levels          1
	solution        1.812
	n               467027
	n_total         468051
	confid_int      [ 1.807  1.817]
	time_integrate  0.119

Meets tolerance: True

~~~~~~~~~~~~~~~~~~~~~~~~~~~~~~~~~~~~~~~~~~~~~~~~~~~~~~~~~~~~~~~~~~~~~~~~~~~~~~~~~~~~~~~~~~~~~~~~~~~~

Solution: 1.8067         
Keister (Integrand Object)
Lattice (DiscreteDistribution Object)
	dimension       2
	scramble        1
	seed            1092
	backend         mps
	mimics          StdUniform
Gaussian (TrueMeasure Object)
	distrib_name    Lattice
	mean            0
	covariance      0.500
CLTRep (StoppingCriterion Object)
	inflate         1.200
	alpha           0.010
	abs_tol         0.005
	rel_tol         0
	n_init          256
	n_max           1073741824
MeanVarDataRep (AccumulateData Object)
	replications    16
	solution        1.807
	sighat          0.003
	n_total         4096
	confid_int      [ 1.805  1.809]
	time_integrate  0.007

Meets tolerance: True

~~~~~~~~~~~~~~~~~~~~~~~~~~~~~~~~~~~~~~~~~~~~~~~~~~~~~~~~~~~~~~~~~~~~~~~~~~~~~~~~~~~~~~~~~~~~~~~~~~~~

Solution: 1.8093         
Keister (Integrand Object)
IIDStdGaussian (DiscreteDistribution Object)
	dimension       2
	seed            7
	mimics          StdGaussian
Gaussian (TrueMeasure Object)
	distrib_name    IIDStdGaussian
	mean            0
	covariance      0.500
MeanMC_g (StoppingCriterion Object)
	inflate         1.200
	alpha           0.010
	abs_tol         0.005
	rel_tol         0
	n_init          1024
	n_max           10000000000
MeanVarData (AccumulateData Object)
	levels          1
	solution        1.809
	n               596905
	n_total         597929
	confid_int      [ 1.804  1.814]
	time_integrate  0.055

Meets tolerance: True

~~~~~~~~~~~~~~~~~~~~~~~~~~~~~~~~~~~~~~~~~~~~~~~~~~~~~~~~~~~~~~~~~~~~~~~~~~~~~~~~~~~~~~~~~~~~~~~~~~~~

Solution: 1.8081         
Keister (Integrand Object)
Lattice (DiscreteDistribution Object)
	dimension       2
	scramble        1
	seed            7
	backend         gail
	mimics          StdUniform
Gaussian (TrueMeasure Object)
	distrib_name    Lattice
	mean            0
	covariance      0.500
CubLattice_g (StoppingCriterion Object)
	abs_tol         0.005
	rel_tol         0
	n_init          1024
	n_max           34359738368
CubatureData (AccumulateData Object)
	n_total         1024
	solution        1.808
	r_lag           4
	time_integrate  0.002

Meets tolerance: True

~~~~~~~~~~~~~~~~~~~~~~~~~~~~~~~~~~~~~~~~~~~~~~~~~~~~~~~~~~~~~~~~~~~~~~~~~~~~~~~~~~~~~~~~~~~~~~~~~~~~

Solution: 1.8079         
Keister (Integrand Object)
Sobol (DiscreteDistribution Object)
	dimension       2
	scramble        1
	seed            7
	backend         qrng
	mimics          StdUniform
Gaussian (TrueMeasure Object)
	distrib_name    Sobol
	mean            0
	covariance      0.500
CubSobol_g (StoppingCriterion Object)
	abs_tol         0.005
	rel_tol         0
	n_init          1024
	n_max           34359738368
CubatureData (AccumulateData Object)
	n_total         2048
	solution        1.808
	r_lag           4
	time_integrate  0.003

Meets tolerance: True

~~~~~~~~~~~~~~~~~~~~~~~~~~~~~~~~~~~~~~~~~~~~~~~~~~~~~~~~~~~~~~~~~~~~~~~~~~~~~~~~~~~~~~~~~~~~~~~~~~~~

