
~~~~~~~~~~~~~~~~~~~~~~~~~~~~~~~~~~~~~~~~~~~~~~~~~~~~~~~~~~~~~~~~~~~~~~~~~~~~~~~~~~~~~~~~~~~~~~~~~~~~

Solution: 1.8118         
Keister (Integrand Object)
IIDStdUniform (Discrete Distribution Object)
	dimension       2
	seed            7
	mimics          StdUniform
Gaussian (True Measure Object)
	distrib_name    IIDStdUniform
	mean            0
	variance        0.500
CLT (Stopping Criterion Object)
	inflate         1.200
	alpha           0.010
	abs_tol         0.005
	rel_tol         0
	n_init          1024
	n_max           10000000000
MeanVarData (AccumData Object)
	levels          1
	solution        1.812
	n               467027
	n_total         468051
	confid_int      [ 1.807  1.817]
	time_total      0.113

Meets tolerance: True

~~~~~~~~~~~~~~~~~~~~~~~~~~~~~~~~~~~~~~~~~~~~~~~~~~~~~~~~~~~~~~~~~~~~~~~~~~~~~~~~~~~~~~~~~~~~~~~~~~~~

Solution: 1.8088         
Keister (Integrand Object)
Lattice (Discrete Distribution Object)
	dimension       2
	scramble        1
	replications    16
	seed            7
	backend         mps
	mimics          StdUniform
Gaussian (True Measure Object)
	distrib_name    Lattice
	mean            0
	variance        0.500
CLTRep (Stopping Criterion Object)
	inflate         1.200
	alpha           0.010
	abs_tol         0.005
	rel_tol         0
	n_init          256
	n_max           1073741824
MeanVarDataRep (AccumData Object)
	replications    16
	solution        1.809
	sighat          0.002
	n_total         256
	confid_int      [ 1.809  1.809]
	time_total      0.003

Meets tolerance: True

~~~~~~~~~~~~~~~~~~~~~~~~~~~~~~~~~~~~~~~~~~~~~~~~~~~~~~~~~~~~~~~~~~~~~~~~~~~~~~~~~~~~~~~~~~~~~~~~~~~~

Solution: 1.8093         
Keister (Integrand Object)
IIDStdGaussian (Discrete Distribution Object)
	dimension       2
	seed            7
	mimics          StdGaussian
Gaussian (True Measure Object)
	distrib_name    IIDStdGaussian
	mean            0
	variance        0.500
MeanMC_g (Stopping Criterion Object)
	inflate         1.200
	alpha           0.010
	abs_tol         0.005
	rel_tol         0
	n_init          1024
	n_max           10000000000
MeanVarData (AccumData Object)
	levels          1
	solution        1.809
	n               596905
	n_total         597929
	confid_int      [ 1.804  1.814]
	time_total      0.045

Meets tolerance: True

~~~~~~~~~~~~~~~~~~~~~~~~~~~~~~~~~~~~~~~~~~~~~~~~~~~~~~~~~~~~~~~~~~~~~~~~~~~~~~~~~~~~~~~~~~~~~~~~~~~~

Solution: 1.8081         
Keister (Integrand Object)
Lattice (Discrete Distribution Object)
	dimension       2
	scramble        1
	replications    0
	seed            7
	backend         gail
	mimics          StdUniform
Gaussian (True Measure Object)
	distrib_name    Lattice
	mean            0
	variance        0.500
CubLattice_g (Stopping Criterion Object)
	abs_tol         0.005
	rel_tol         0
	n_init          1024
	n_max           34359738368
CubatureData (AccumData Object)
	n_total         1024
	solution        1.808
	r_lag           4
	time_total      0.002

Meets tolerance: True

~~~~~~~~~~~~~~~~~~~~~~~~~~~~~~~~~~~~~~~~~~~~~~~~~~~~~~~~~~~~~~~~~~~~~~~~~~~~~~~~~~~~~~~~~~~~~~~~~~~~

